<?xml version="1.0" encoding="UTF-8"?>
<!-- Generated by org.testng.reporters.JUnitReportReporter -->
<testsuite skipped="0" hostname="DT-AKASH" name="com.automation.portal.test.functional.InterractionpageUC_003" tests="1" failures="0" timestamp="05 Apr 2017 13:33:04 GMT" time="0.010" errors="0">
  <testcase name="resizableTC_001" time="0.010" classname="com.automation.portal.test.functional.InterractionpageUC_003"/>
</testsuite> <!-- com.automation.portal.test.functional.InterractionpageUC_003 -->
