<?xml version="1.0" encoding="UTF-8"?>
<!-- Generated by org.testng.reporters.JUnitReportReporter -->
<testsuite skipped="0" hostname="DT-AKASH" name="com.automation.portal.test.functional.WidgetpageUC_001" tests="1" failures="0" timestamp="06 Apr 2017 11:22:23 GMT" time="19.644" errors="0">
  <testcase name="autoCompleteTC_001" time="19.644" classname="com.automation.portal.test.functional.WidgetpageUC_001"/>
</testsuite> <!-- com.automation.portal.test.functional.WidgetpageUC_001 -->
