<?xml version="1.0" encoding="UTF-8"?>
<!-- Generated by org.testng.reporters.JUnitReportReporter -->
<testsuite skipped="0" hostname="DT-AKASH" name="com.automation.portal.test.functional.InterractionPageUC_002" tests="1" failures="0" timestamp="05 Apr 2017 12:29:22 GMT" time="17.148" errors="0">
  <testcase name="DroppableTC_001" time="17.148" classname="com.automation.portal.test.functional.InterractionPageUC_002"/>
</testsuite> <!-- com.automation.portal.test.functional.InterractionPageUC_002 -->
