<?xml version="1.0" encoding="UTF-8"?>
<!-- Generated by org.testng.reporters.JUnitReportReporter -->
<testsuite skipped="0" hostname="DT-AKASH" name="com.automation.portal.test.functional.InterractionPageUC_002" tests="1" failures="0" timestamp="05 Apr 2017 05:51:17 GMT" time="0.252" errors="0">
  <testcase name="DroppableTC_002" time="0.252" classname="com.automation.portal.test.functional.InterractionPageUC_002"/>
</testsuite> <!-- com.automation.portal.test.functional.InterractionPageUC_002 -->
