<?xml version="1.0" encoding="UTF-8"?>
<!-- Generated by org.testng.reporters.JUnitReportReporter -->
<testsuite skipped="0" hostname="AKASH-PC" name="com.automation.portal.test.smoke.LaunchBrowserTest" tests="1" failures="0" timestamp="29 Mar 2017 15:28:10 GMT" time="12.988" errors="0">
  <testcase name="lauchBrowser" time="12.988" classname="com.automation.portal.test.smoke.LaunchBrowserTest"/>
</testsuite> <!-- com.automation.portal.test.smoke.LaunchBrowserTest -->
