<?xml version="1.0" encoding="UTF-8"?>
<!-- Generated by org.testng.reporters.JUnitReportReporter -->
<testsuite skipped="0" hostname="DT-AKASH" name="com.automation.portal.test.functional.DynamicElementsUC_001" tests="1" failures="0" timestamp="06 Apr 2017 15:06:53 GMT" time="11.647" errors="0">
  <testcase name="dynamicElementsTC_001" time="11.647" classname="com.automation.portal.test.functional.DynamicElementsUC_001"/>
</testsuite> <!-- com.automation.portal.test.functional.DynamicElementsUC_001 -->
