<?xml version="1.0" encoding="UTF-8"?>
<!-- Generated by org.testng.reporters.JUnitReportReporter -->
<testsuite skipped="0" hostname="DT-AKASH" name="com.automation.portal.test.functional.HomePageUC_001" tests="3" failures="0" timestamp="03 Apr 2017 14:51:22 GMT" time="18.568" errors="0">
  <testcase name="HomePageTC_001" time="12.588" classname="com.automation.portal.test.functional.HomePageUC_001"/>
  <testcase name="HomePageTC_002" time="5.583" classname="com.automation.portal.test.functional.HomePageUC_001"/>
  <testcase name="HomePageTC_003" time="0.397" classname="com.automation.portal.test.functional.HomePageUC_001"/>
</testsuite> <!-- com.automation.portal.test.functional.HomePageUC_001 -->
