<?xml version="1.0" encoding="UTF-8"?>
<!-- Generated by org.testng.reporters.JUnitReportReporter -->
<testsuite skipped="0" hostname="DT-AKASH" name="com.automation.portal.test.functional.InterractionpageUC_003" tests="2" failures="0" timestamp="05 Apr 2017 14:49:55 GMT" time="9.331" errors="0">
  <testcase name="resizableTC_001" time="8.991" classname="com.automation.portal.test.functional.InterractionpageUC_003"/>
  <testcase name="resizableTC_002" time="0.340" classname="com.automation.portal.test.functional.InterractionpageUC_003"/>
</testsuite> <!-- com.automation.portal.test.functional.InterractionpageUC_003 -->
